<?xml version="1.0" encoding="UTF-8"?>
<!-- Generated by org.testng.reporters.JUnitReportReporter -->
<testsuite hostname="DESKTOP-BEA2E83" failures="0" tests="1" name="MobileTesting.Appium.LongPressGesture" time="11.036" errors="0" timestamp="03 Oct. 2023 22:00:02 GMT" skipped="0">
  <testcase classname="MobileTesting.Appium.LongPressGesture" name="AppiumTest" time="11.036"/>
</testsuite> <!-- MobileTesting.Appium.LongPressGesture -->
