<?xml version="1.0" encoding="UTF-8"?>
<!-- Generated by org.testng.reporters.JUnitReportReporter -->
<testsuite hostname="DESKTOP-BEA2E83" failures="0" tests="3" name="MobileTesting.Appium.TestCase_001" time="107.589" errors="0" timestamp="2024-04-01T19:44:18 EDT" skipped="0">
  <testcase classname="MobileTesting.Appium.TestCase_001" name="NaviagteToLeaugesPage" time="49.552"/>
  <testcase classname="MobileTesting.Appium.TestCase_001" name="verifyDifferentLeagues" time="33.471"/>
  <testcase classname="MobileTesting.Appium.TestCase_001" name="verifyDifferentLeagues" time="24.566"/>
</testsuite> <!-- MobileTesting.Appium.TestCase_001 -->
