<?xml version="1.0" encoding="UTF-8"?>
<!-- Generated by org.testng.reporters.JUnitReportReporter -->
<testsuite hostname="DESKTOP-BEA2E83" failures="0" tests="1" name="MobileTesting.Appium.BaseTest" time="42.742" errors="0" timestamp="30 Mar. 2024 23:11:26 GMT" skipped="0">
  <testcase classname="MobileTesting.Appium.BaseTest" name="configureAppium" time="42.742"/>
</testsuite> <!-- MobileTesting.Appium.BaseTest -->
