<?xml version="1.0" encoding="UTF-8"?>
<!-- Generated by org.testng.reporters.JUnitReportReporter -->
<testsuite hostname="DESKTOP-BEA2E83" failures="0" tests="1" name="MobileTesting.Appium.MiscActions" time="16.666" errors="0" timestamp="03 Oct. 2023 23:46:28 GMT" skipped="0">
  <testcase classname="MobileTesting.Appium.MiscActions" name="AppiumTest" time="16.666"/>
</testsuite> <!-- MobileTesting.Appium.MiscActions -->
