<?xml version="1.0" encoding="UTF-8"?>
<!-- Generated by org.testng.reporters.JUnitReportReporter -->
<testsuite hostname="DESKTOP-BEA2E83" failures="0" tests="1" name="MobileTesting.Appium.DragAndDropDemo" time="8.832" errors="0" timestamp="03 Oct. 2023 23:20:01 GMT" skipped="0">
  <testcase classname="MobileTesting.Appium.DragAndDropDemo" name="AppiumTest" time="8.832"/>
</testsuite> <!-- MobileTesting.Appium.DragAndDropDemo -->
