<?xml version="1.0" encoding="UTF-8"?>
<!-- Generated by org.testng.reporters.JUnitReportReporter -->
<testsuite hostname="DESKTOP-BEA2E83" failures="0" tests="1" name="MobileTesting.Appium.SwipeDemo" time="7.169" errors="0" timestamp="03 Oct. 2023 22:50:42 GMT" skipped="0">
  <testcase classname="MobileTesting.Appium.SwipeDemo" name="AppiumTest" time="7.169"/>
</testsuite> <!-- MobileTesting.Appium.SwipeDemo -->
