<?xml version="1.0" encoding="UTF-8"?>
<!-- Generated by org.testng.reporters.JUnitReportReporter -->
<testsuite hostname="DESKTOP-BEA2E83" failures="0" tests="1" name="MobileTesting.Appium.TC_001" time="44.738" errors="0" timestamp="31 Mar. 2024 01:35:48 GMT" skipped="0">
  <testcase classname="MobileTesting.Appium.TC_001" name="TestCase_001" time="44.738"/>
</testsuite> <!-- MobileTesting.Appium.TC_001 -->
