<?xml version="1.0" encoding="UTF-8"?>
<!-- Generated by org.testng.reporters.JUnitReportReporter -->
<testsuite hostname="DESKTOP-BEA2E83" failures="0" tests="1" name="MobileTesting.Appium.AppiumBasics" time="8.635" errors="0" timestamp="03 Oct. 2023 21:18:27 GMT" skipped="0">
  <testcase classname="MobileTesting.Appium.AppiumBasics" name="AppiumTest" time="8.635"/>
</testsuite> <!-- MobileTesting.Appium.AppiumBasics -->
