<?xml version="1.0" encoding="UTF-8"?>
<!-- Generated by org.testng.reporters.JUnitReportReporter -->
<testsuite hostname="DESKTOP-BEA2E83" failures="0" tests="1" name="MobileTesting.Appium.ScrollDemoTest" time="12.196" errors="0" timestamp="03 Oct. 2023 22:14:05 GMT" skipped="0">
  <testcase classname="MobileTesting.Appium.ScrollDemoTest" name="AppiumTest" time="12.196"/>
</testsuite> <!-- MobileTesting.Appium.ScrollDemoTest -->
