<?xml version="1.0" encoding="UTF-8"?>
<!-- Generated by org.testng.reporters.JUnitReportReporter -->
<testsuite hostname="DESKTOP-BEA2E83" failures="0" tests="1" name="MobileTesting.Appium.Ecommerce_TC_002" time="29.119" errors="0" timestamp="04 Oct. 2023 19:48:56 GMT" skipped="0">
  <testcase classname="MobileTesting.Appium.Ecommerce_TC_002" name="ecomm" time="29.119"/>
</testsuite> <!-- MobileTesting.Appium.Ecommerce_TC_002 -->
