<?xml version="1.0" encoding="UTF-8"?>
<!-- Generated by org.testng.reporters.JUnitReportReporter -->
<testsuite hostname="DESKTOP-BEA2E83" failures="0" tests="1" name="MobileTesting.Appium.Ecommerce_TC_001" time="16.395" errors="0" timestamp="04 Oct. 2023 15:24:25 GMT" skipped="0">
  <testcase classname="MobileTesting.Appium.Ecommerce_TC_001" name="ecomm" time="16.395"/>
</testsuite> <!-- MobileTesting.Appium.Ecommerce_TC_001 -->
