<?xml version="1.0" encoding="UTF-8"?>
<!-- Generated by org.testng.reporters.JUnitReportReporter -->
<testsuite hostname="DESKTOP-BEA2E83" failures="0" tests="1" name="MobileTesting.Appium.Ecommerce_TC_003" time="29.121" errors="0" timestamp="04 Oct. 2023 20:51:50 GMT" skipped="0">
  <testcase classname="MobileTesting.Appium.Ecommerce_TC_003" name="ecomm" time="29.121"/>
</testsuite> <!-- MobileTesting.Appium.Ecommerce_TC_003 -->
