<?xml version="1.0" encoding="UTF-8"?>
<!-- Generated by org.testng.reporters.JUnitReportReporter -->
<testsuite hostname="DESKTOP-BEA2E83" failures="0" tests="3" name="MobileTesting.Appium.TestCase_001" time="107.074" errors="0" timestamp="02 Apr. 2024 00:19:24 GMT" skipped="0">
  <testcase classname="MobileTesting.Appium.TestCase_001" name="NaviagteToLeaugesPage" time="51.099"/>
  <testcase classname="MobileTesting.Appium.TestCase_001" name="verifyDifferentLeagues" time="23.398"/>
  <testcase classname="MobileTesting.Appium.TestCase_001" name="verifyDifferentLeagues" time="32.577"/>
</testsuite> <!-- MobileTesting.Appium.TestCase_001 -->
